<?xml version="1.0" encoding="UTF-8"?>
<testsuite name="nextstep.mvc.controller.AnnotationHandlerMappingTest" tests="2" skipped="0" failures="0" errors="0" timestamp="2022-10-08T13:36:12" hostname="cho-choui-MacBookAir.local" time="0.314">
  <properties/>
  <testcase name="get()" classname="nextstep.mvc.controller.AnnotationHandlerMappingTest" time="0.311"/>
  <testcase name="post()" classname="nextstep.mvc.controller.AnnotationHandlerMappingTest" time="0.002"/>
  <system-out><![CDATA[22:36:12.892 [Test worker] INFO nextstep.mvc.controller.AnnotationHandlerMapping - Initialized AnnotationHandlerMapping!
22:36:12.918 [Test worker] INFO org.reflections.Reflections - Reflections took 17 ms to scan 1 urls, producing 1 keys and 1 values
22:36:13.155 [Test worker] INFO sample.TestController - test controller get method
22:36:13.180 [Test worker] INFO nextstep.mvc.controller.AnnotationHandlerMapping - Initialized AnnotationHandlerMapping!
22:36:13.182 [Test worker] INFO org.reflections.Reflections - Reflections took 1 ms to scan 1 urls, producing 1 keys and 1 values
22:36:13.183 [Test worker] INFO sample.TestController - test controller post method
]]></system-out>
  <system-err><![CDATA[]]></system-err>
</testsuite>
