<?xml version="1.0" encoding="UTF-8"?>
<testsuite name="Http11ProcessorTest" tests="1" skipped="0" failures="1" errors="0" timestamp="2022-09-20T12:56:02" hostname="cho-choui-MacBookAir.local" time="0.069">
  <properties/>
  <testcase name="index()" classname="Http11ProcessorTest" time="0.069">
    <failure message="org.opentest4j.AssertionFailedError: &#10;expected: &#10;  &quot;HTTP/1.1 200 OK &#13;&#10;  Content-Type: text/html;charset=utf-8 &#13;&#10;  Content-Length: 5564 &#13;&#10;  &#13;&#10;  &lt;!DOCTYPE html&gt;&#10;  &lt;html lang=&quot;en&quot;&gt;&#10;      &lt;head&gt;&#10;          &lt;meta charset=&quot;utf-8&quot; /&gt;&#10;          &lt;meta http-equiv=&quot;X-UA-Compatible&quot; content=&quot;IE=edge&quot; /&gt;&#10;          &lt;meta name=&quot;viewport&quot; content=&quot;width=device-width, initial-scale=1, shrink-to-fit=no&quot; /&gt;&#10;          &lt;meta name=&quot;description&quot; content=&quot;&quot; /&gt;&#10;          &lt;meta name=&quot;author&quot; content=&quot;&quot; /&gt;&#10;          &lt;title&gt;대시보드&lt;/title&gt;&#10;          &lt;link href=&quot;css/styles.css&quot; rel=&quot;stylesheet&quot; /&gt;&#10;          &lt;script src=&quot;https://cdnjs.cloudflare.com/ajax/libs/font-awesome/5.15.3/js/all.min.js&quot; crossorigin=&quot;anonymous&quot;&gt;&lt;/script&gt;&#10;      &lt;/head&gt;&#10;      &lt;body class=&quot;sb-nav-fixed&quot;&gt;&#10;          &lt;nav class=&quot;sb-topnav navbar navbar-expand navbar-dark bg-dark&quot;&gt;&#10;              &lt;!-- Navbar Brand--&gt;&#10;              &lt;a class=&quot;navbar-brand ps-3&quot; href=&quot;index.html&quot;&gt;대시보드&lt;/a&gt;&#10;              &lt;!-- Sidebar Toggle--&gt;&#10;              &lt;button class=&quot;btn btn-link btn-sm order-1 order-lg-0 me-4 me-lg-0&quot; id=&quot;sidebarToggle&quot; href=&quot;#!&quot;&gt;&lt;i class=&quot;fas fa-bars&quot;&gt;&lt;/i&gt;&lt;/button&gt;&#10;  &#10;              &lt;!-- before login --&gt;&#10;              &lt;div class=&quot;navbar-nav d-none d-md-inline-block ms-auto me-0 me-md-3 my-2 my-md-0&quot;&gt;&#10;                  &lt;a class=&quot;nav-link&quot; href=&quot;login&quot; role=&quot;button&quot;&gt;&lt;i class=&quot;fas fa-user fa-fw&quot;&gt;&lt;/i&gt;&amp;nbsp;로그인&lt;/a&gt;&#10;              &lt;/div&gt;&#10;              &lt;!-- before login --&gt;&#10;  &#10;              &lt;!-- after login --&gt;&#10;  &lt;!--            &lt;ul class=&quot;navbar-nav ms-auto ms-md-0 me-3 me-lg-4&quot;&gt;--&gt;&#10;  &lt;!--                &lt;li class=&quot;nav-item dropdown&quot;&gt;--&gt;&#10;  &lt;!--                    &lt;a class=&quot;nav-link dropdown-toggle&quot; id=&quot;navbarDropdown&quot; href=&quot;#&quot; role=&quot;button&quot; data-bs-toggle=&quot;dropdown&quot; aria-expanded=&quot;false&quot;&gt;&lt;i class=&quot;fas fa-user fa-fw&quot;&gt;&lt;/i&gt;&lt;/a&gt;--&gt;&#10;  &lt;!--                    &lt;ul class=&quot;dropdown-menu dropdown-menu-end&quot; aria-labelledby=&quot;navbarDropdown&quot;&gt;--&gt;&#10;  &lt;!--                        &lt;li&gt;&lt;a class=&quot;dropdown-item&quot; href=&quot;#!&quot;&gt;Settings&lt;/a&gt;&lt;/li&gt;--&gt;&#10;  &lt;!--                        &lt;li&gt;&lt;hr class=&quot;dropdown-divider&quot; /&gt;&lt;/li&gt;--&gt;&#10;  &lt;!--                        &lt;li&gt;&lt;a class=&quot;dropdown-item&quot; href=&quot;#!&quot;&gt;Logout&lt;/a&gt;&lt;/li&gt;--&gt;&#10;  &lt;!--                    &lt;/ul&gt;--&gt;&#10;  &lt;!--                &lt;/li&gt;--&gt;&#10;  &lt;!--            &lt;/ul&gt;--&gt;&#10;              &lt;!-- after login --&gt;&#10;  &#10;          &lt;/nav&gt;&#10;          &lt;div id=&quot;layoutSidenav&quot;&gt;&#10;              &lt;div id=&quot;layoutSidenav_nav&quot;&gt;&#10;                  &lt;nav class=&quot;sb-sidenav accordion sb-sidenav-dark&quot; id=&quot;sidenavAccordion&quot;&gt;&#10;                      &lt;div class=&quot;sb-sidenav-menu&quot;&gt;&#10;                          &lt;div class=&quot;nav&quot;&gt;&#10;                              &lt;div class=&quot;sb-sidenav-menu-heading&quot;&gt;Core&lt;/div&gt;&#10;                              &lt;a class=&quot;nav-link&quot; href=&quot;index.html&quot;&gt;&#10;                                  &lt;div class=&quot;sb-nav-link-icon&quot;&gt;&lt;i class=&quot;fas fa-tachometer-alt&quot;&gt;&lt;/i&gt;&lt;/div&gt;&#10;                                  대시보드&#10;                              &lt;/a&gt;&#10;                          &lt;/div&gt;&#10;                      &lt;/div&gt;&#10;                  &lt;/nav&gt;&#10;              &lt;/div&gt;&#10;              &lt;div id=&quot;layoutSidenav_content&quot;&gt;&#10;                  &lt;main&gt;&#10;                      &lt;div class=&quot;container-fluid px-4&quot;&gt;&#10;                          &lt;h1 class=&quot;mt-4&quot;&gt;대시보드&lt;/h1&gt;&#10;                          &lt;ol class=&quot;breadcrumb mb-4&quot;&gt;&#10;                              &lt;li class=&quot;breadcrumb-item active&quot;&gt;첫 페이지&lt;/li&gt;&#10;                          &lt;/ol&gt;&#10;                          &lt;div class=&quot;row&quot;&gt;&#10;                              &lt;div class=&quot;col-lg-6&quot;&gt;&#10;                                  &lt;div class=&quot;card mb-4&quot;&gt;&#10;                                      &lt;div class=&quot;card-header&quot;&gt;&#10;                                          &lt;i class=&quot;fas fa-chart-bar me-1&quot;&gt;&lt;/i&gt;&#10;                                          Bar Chart&#10;                                      &lt;/div&gt;&#10;                                      &lt;div class=&quot;card-body&quot;&gt;&lt;canvas id=&quot;myBarChart&quot; width=&quot;100%&quot; height=&quot;50&quot;&gt;&lt;/canvas&gt;&lt;/div&gt;&#10;                                  &lt;/div&gt;&#10;                              &lt;/div&gt;&#10;                              &lt;div class=&quot;col-lg-6&quot;&gt;&#10;                                  &lt;div class=&quot;card mb-4&quot;&gt;&#10;                                      &lt;div class=&quot;card-header&quot;&gt;&#10;                                          &lt;i class=&quot;fas fa-chart-pie me-1&quot;&gt;&lt;/i&gt;&#10;                                          Pie Chart&#10;                                      &lt;/div&gt;&#10;                                      &lt;div class=&quot;card-body&quot;&gt;&lt;canvas id=&quot;myPieChart&quot; width=&quot;100%&quot; height=&quot;50&quot;&gt;&lt;/canvas&gt;&lt;/div&gt;&#10;                                  &lt;/div&gt;&#10;                              &lt;/div&gt;&#10;                          &lt;/div&gt;&#10;                      &lt;/div&gt;&#10;                  &lt;/main&gt;&#10;                  &lt;footer class=&quot;py-4 bg-light mt-auto&quot;&gt;&#10;                      &lt;div class=&quot;container-fluid px-4&quot;&gt;&#10;                          &lt;div class=&quot;d-flex align-items-center justify-content-between small&quot;&gt;&#10;                              &lt;div class=&quot;text-muted&quot;&gt;Copyright &amp;copy; Your Website 2021&lt;/div&gt;&#10;                              &lt;div&gt;&#10;                                  &lt;a href=&quot;index.html&quot;&gt;Home&lt;/a&gt;&#10;                                  &amp;middot;&#10;                                  &lt;a href=&quot;#&quot;&gt;Privacy Policy&lt;/a&gt;&#10;                                  &amp;middot;&#10;                                  &lt;a href=&quot;#&quot;&gt;Terms &amp;amp; Conditions&lt;/a&gt;&#10;                              &lt;/div&gt;&#10;                          &lt;/div&gt;&#10;                      &lt;/div&gt;&#10;                  &lt;/footer&gt;&#10;              &lt;/div&gt;&#10;          &lt;/div&gt;&#10;          &lt;script src=&quot;https://cdn.jsdelivr.net/npm/bootstrap@5.0.2/dist/js/bootstrap.bundle.min.js&quot; crossorigin=&quot;anonymous&quot;&gt;&lt;/script&gt;&#10;          &lt;script src=&quot;https://cdnjs.cloudflare.com/ajax/libs/Chart.js/2.8.0/Chart.min.js&quot; crossorigin=&quot;anonymous&quot;&gt;&lt;/script&gt;&#10;          &lt;script src=&quot;js/scripts.js&quot;&gt;&lt;/script&gt;&#10;          &lt;script src=&quot;assets/chart-area.js&quot;&gt;&lt;/script&gt;&#10;          &lt;script src=&quot;assets/chart-bar.js&quot;&gt;&lt;/script&gt;&#10;          &lt;script src=&quot;assets/chart-pie.js&quot;&gt;&lt;/script&gt;&#10;      &lt;/body&gt;&#10;  &lt;/html&gt;&#10;  &quot;&#10; but was: &#10;  &quot;HTTP/1.1 302 Found &#13;&#10;  Content-Length: 0 &#13;&#10;  Location: 404.html &#13;&#10;  &#13;&#10;  &quot;" type="org.opentest4j.AssertionFailedError">org.opentest4j.AssertionFailedError: 
expected: 
  &quot;HTTP/1.1 200 OK 
  Content-Type: text/html;charset=utf-8 
  Content-Length: 5564 
  
  &lt;!DOCTYPE html&gt;
  &lt;html lang=&quot;en&quot;&gt;
      &lt;head&gt;
          &lt;meta charset=&quot;utf-8&quot; /&gt;
          &lt;meta http-equiv=&quot;X-UA-Compatible&quot; content=&quot;IE=edge&quot; /&gt;
          &lt;meta name=&quot;viewport&quot; content=&quot;width=device-width, initial-scale=1, shrink-to-fit=no&quot; /&gt;
          &lt;meta name=&quot;description&quot; content=&quot;&quot; /&gt;
          &lt;meta name=&quot;author&quot; content=&quot;&quot; /&gt;
          &lt;title&gt;대시보드&lt;/title&gt;
          &lt;link href=&quot;css/styles.css&quot; rel=&quot;stylesheet&quot; /&gt;
          &lt;script src=&quot;https://cdnjs.cloudflare.com/ajax/libs/font-awesome/5.15.3/js/all.min.js&quot; crossorigin=&quot;anonymous&quot;&gt;&lt;/script&gt;
      &lt;/head&gt;
      &lt;body class=&quot;sb-nav-fixed&quot;&gt;
          &lt;nav class=&quot;sb-topnav navbar navbar-expand navbar-dark bg-dark&quot;&gt;
              &lt;!-- Navbar Brand--&gt;
              &lt;a class=&quot;navbar-brand ps-3&quot; href=&quot;index.html&quot;&gt;대시보드&lt;/a&gt;
              &lt;!-- Sidebar Toggle--&gt;
              &lt;button class=&quot;btn btn-link btn-sm order-1 order-lg-0 me-4 me-lg-0&quot; id=&quot;sidebarToggle&quot; href=&quot;#!&quot;&gt;&lt;i class=&quot;fas fa-bars&quot;&gt;&lt;/i&gt;&lt;/button&gt;
  
              &lt;!-- before login --&gt;
              &lt;div class=&quot;navbar-nav d-none d-md-inline-block ms-auto me-0 me-md-3 my-2 my-md-0&quot;&gt;
                  &lt;a class=&quot;nav-link&quot; href=&quot;login&quot; role=&quot;button&quot;&gt;&lt;i class=&quot;fas fa-user fa-fw&quot;&gt;&lt;/i&gt;&amp;nbsp;로그인&lt;/a&gt;
              &lt;/div&gt;
              &lt;!-- before login --&gt;
  
              &lt;!-- after login --&gt;
  &lt;!--            &lt;ul class=&quot;navbar-nav ms-auto ms-md-0 me-3 me-lg-4&quot;&gt;--&gt;
  &lt;!--                &lt;li class=&quot;nav-item dropdown&quot;&gt;--&gt;
  &lt;!--                    &lt;a class=&quot;nav-link dropdown-toggle&quot; id=&quot;navbarDropdown&quot; href=&quot;#&quot; role=&quot;button&quot; data-bs-toggle=&quot;dropdown&quot; aria-expanded=&quot;false&quot;&gt;&lt;i class=&quot;fas fa-user fa-fw&quot;&gt;&lt;/i&gt;&lt;/a&gt;--&gt;
  &lt;!--                    &lt;ul class=&quot;dropdown-menu dropdown-menu-end&quot; aria-labelledby=&quot;navbarDropdown&quot;&gt;--&gt;
  &lt;!--                        &lt;li&gt;&lt;a class=&quot;dropdown-item&quot; href=&quot;#!&quot;&gt;Settings&lt;/a&gt;&lt;/li&gt;--&gt;
  &lt;!--                        &lt;li&gt;&lt;hr class=&quot;dropdown-divider&quot; /&gt;&lt;/li&gt;--&gt;
  &lt;!--                        &lt;li&gt;&lt;a class=&quot;dropdown-item&quot; href=&quot;#!&quot;&gt;Logout&lt;/a&gt;&lt;/li&gt;--&gt;
  &lt;!--                    &lt;/ul&gt;--&gt;
  &lt;!--                &lt;/li&gt;--&gt;
  &lt;!--            &lt;/ul&gt;--&gt;
              &lt;!-- after login --&gt;
  
          &lt;/nav&gt;
          &lt;div id=&quot;layoutSidenav&quot;&gt;
              &lt;div id=&quot;layoutSidenav_nav&quot;&gt;
                  &lt;nav class=&quot;sb-sidenav accordion sb-sidenav-dark&quot; id=&quot;sidenavAccordion&quot;&gt;
                      &lt;div class=&quot;sb-sidenav-menu&quot;&gt;
                          &lt;div class=&quot;nav&quot;&gt;
                              &lt;div class=&quot;sb-sidenav-menu-heading&quot;&gt;Core&lt;/div&gt;
                              &lt;a class=&quot;nav-link&quot; href=&quot;index.html&quot;&gt;
                                  &lt;div class=&quot;sb-nav-link-icon&quot;&gt;&lt;i class=&quot;fas fa-tachometer-alt&quot;&gt;&lt;/i&gt;&lt;/div&gt;
                                  대시보드
                              &lt;/a&gt;
                          &lt;/div&gt;
                      &lt;/div&gt;
                  &lt;/nav&gt;
              &lt;/div&gt;
              &lt;div id=&quot;layoutSidenav_content&quot;&gt;
                  &lt;main&gt;
                      &lt;div class=&quot;container-fluid px-4&quot;&gt;
                          &lt;h1 class=&quot;mt-4&quot;&gt;대시보드&lt;/h1&gt;
                          &lt;ol class=&quot;breadcrumb mb-4&quot;&gt;
                              &lt;li class=&quot;breadcrumb-item active&quot;&gt;첫 페이지&lt;/li&gt;
                          &lt;/ol&gt;
                          &lt;div class=&quot;row&quot;&gt;
                              &lt;div class=&quot;col-lg-6&quot;&gt;
                                  &lt;div class=&quot;card mb-4&quot;&gt;
                                      &lt;div class=&quot;card-header&quot;&gt;
                                          &lt;i class=&quot;fas fa-chart-bar me-1&quot;&gt;&lt;/i&gt;
                                          Bar Chart
                                      &lt;/div&gt;
                                      &lt;div class=&quot;card-body&quot;&gt;&lt;canvas id=&quot;myBarChart&quot; width=&quot;100%&quot; height=&quot;50&quot;&gt;&lt;/canvas&gt;&lt;/div&gt;
                                  &lt;/div&gt;
                              &lt;/div&gt;
                              &lt;div class=&quot;col-lg-6&quot;&gt;
                                  &lt;div class=&quot;card mb-4&quot;&gt;
                                      &lt;div class=&quot;card-header&quot;&gt;
                                          &lt;i class=&quot;fas fa-chart-pie me-1&quot;&gt;&lt;/i&gt;
                                          Pie Chart
                                      &lt;/div&gt;
                                      &lt;div class=&quot;card-body&quot;&gt;&lt;canvas id=&quot;myPieChart&quot; width=&quot;100%&quot; height=&quot;50&quot;&gt;&lt;/canvas&gt;&lt;/div&gt;
                                  &lt;/div&gt;
                              &lt;/div&gt;
                          &lt;/div&gt;
                      &lt;/div&gt;
                  &lt;/main&gt;
                  &lt;footer class=&quot;py-4 bg-light mt-auto&quot;&gt;
                      &lt;div class=&quot;container-fluid px-4&quot;&gt;
                          &lt;div class=&quot;d-flex align-items-center justify-content-between small&quot;&gt;
                              &lt;div class=&quot;text-muted&quot;&gt;Copyright &amp;copy; Your Website 2021&lt;/div&gt;
                              &lt;div&gt;
                                  &lt;a href=&quot;index.html&quot;&gt;Home&lt;/a&gt;
                                  &amp;middot;
                                  &lt;a href=&quot;#&quot;&gt;Privacy Policy&lt;/a&gt;
                                  &amp;middot;
                                  &lt;a href=&quot;#&quot;&gt;Terms &amp;amp; Conditions&lt;/a&gt;
                              &lt;/div&gt;
                          &lt;/div&gt;
                      &lt;/div&gt;
                  &lt;/footer&gt;
              &lt;/div&gt;
          &lt;/div&gt;
          &lt;script src=&quot;https://cdn.jsdelivr.net/npm/bootstrap@5.0.2/dist/js/bootstrap.bundle.min.js&quot; crossorigin=&quot;anonymous&quot;&gt;&lt;/script&gt;
          &lt;script src=&quot;https://cdnjs.cloudflare.com/ajax/libs/Chart.js/2.8.0/Chart.min.js&quot; crossorigin=&quot;anonymous&quot;&gt;&lt;/script&gt;
          &lt;script src=&quot;js/scripts.js&quot;&gt;&lt;/script&gt;
          &lt;script src=&quot;assets/chart-area.js&quot;&gt;&lt;/script&gt;
          &lt;script src=&quot;assets/chart-bar.js&quot;&gt;&lt;/script&gt;
          &lt;script src=&quot;assets/chart-pie.js&quot;&gt;&lt;/script&gt;
      &lt;/body&gt;
  &lt;/html&gt;
  &quot;
 but was: 
  &quot;HTTP/1.1 302 Found 
  Content-Length: 0 
  Location: 404.html 
  
  &quot;
	at java.base@11.0.16.1/jdk.internal.reflect.NativeConstructorAccessorImpl.newInstance0(Native Method)
	at java.base@11.0.16.1/jdk.internal.reflect.NativeConstructorAccessorImpl.newInstance(NativeConstructorAccessorImpl.java:62)
	at java.base@11.0.16.1/jdk.internal.reflect.DelegatingConstructorAccessorImpl.newInstance(DelegatingConstructorAccessorImpl.java:45)
	at app//Http11ProcessorTest.index(Http11ProcessorTest.java:58)
	at java.base@11.0.16.1/jdk.internal.reflect.NativeMethodAccessorImpl.invoke0(Native Method)
	at java.base@11.0.16.1/jdk.internal.reflect.NativeMethodAccessorImpl.invoke(NativeMethodAccessorImpl.java:62)
	at java.base@11.0.16.1/jdk.internal.reflect.DelegatingMethodAccessorImpl.invoke(DelegatingMethodAccessorImpl.java:43)
	at java.base@11.0.16.1/java.lang.reflect.Method.invoke(Method.java:566)
	at app//org.junit.platform.commons.util.ReflectionUtils.invokeMethod(ReflectionUtils.java:725)
	at app//org.junit.jupiter.engine.execution.MethodInvocation.proceed(MethodInvocation.java:60)
	at app//org.junit.jupiter.engine.execution.InvocationInterceptorChain$ValidatingInvocation.proceed(InvocationInterceptorChain.java:131)
	at app//org.junit.jupiter.engine.extension.TimeoutExtension.intercept(TimeoutExtension.java:149)
	at app//org.junit.jupiter.engine.extension.TimeoutExtension.interceptTestableMethod(TimeoutExtension.java:140)
	at app//org.junit.jupiter.engine.extension.TimeoutExtension.interceptTestMethod(TimeoutExtension.java:84)
	at app//org.junit.jupiter.engine.execution.ExecutableInvoker$ReflectiveInterceptorCall.lambda$ofVoidMethod$0(ExecutableInvoker.java:115)
	at app//org.junit.jupiter.engine.execution.ExecutableInvoker.lambda$invoke$0(ExecutableInvoker.java:105)
	at app//org.junit.jupiter.engine.execution.InvocationInterceptorChain$InterceptedInvocation.proceed(InvocationInterceptorChain.java:106)
	at app//org.junit.jupiter.engine.execution.InvocationInterceptorChain.proceed(InvocationInterceptorChain.java:64)
	at app//org.junit.jupiter.engine.execution.InvocationInterceptorChain.chainAndInvoke(InvocationInterceptorChain.java:45)
	at app//org.junit.jupiter.engine.execution.InvocationInterceptorChain.invoke(InvocationInterceptorChain.java:37)
	at app//org.junit.jupiter.engine.execution.ExecutableInvoker.invoke(ExecutableInvoker.java:104)
	at app//org.junit.jupiter.engine.execution.ExecutableInvoker.invoke(ExecutableInvoker.java:98)
	at app//org.junit.jupiter.engine.descriptor.TestMethodTestDescriptor.lambda$invokeTestMethod$7(TestMethodTestDescriptor.java:214)
	at app//org.junit.platform.engine.support.hierarchical.ThrowableCollector.execute(ThrowableCollector.java:73)
	at app//org.junit.jupiter.engine.descriptor.TestMethodTestDescriptor.invokeTestMethod(TestMethodTestDescriptor.java:210)
	at app//org.junit.jupiter.engine.descriptor.TestMethodTestDescriptor.execute(TestMethodTestDescriptor.java:135)
	at app//org.junit.jupiter.engine.descriptor.TestMethodTestDescriptor.execute(TestMethodTestDescriptor.java:66)
	at app//org.junit.platform.engine.support.hierarchical.NodeTestTask.lambda$executeRecursively$6(NodeTestTask.java:151)
	at app//org.junit.platform.engine.support.hierarchical.ThrowableCollector.execute(ThrowableCollector.java:73)
	at app//org.junit.platform.engine.support.hierarchical.NodeTestTask.lambda$executeRecursively$8(NodeTestTask.java:141)
	at app//org.junit.platform.engine.support.hierarchical.Node.around(Node.java:137)
	at app//org.junit.platform.engine.support.hierarchical.NodeTestTask.lambda$executeRecursively$9(NodeTestTask.java:139)
	at app//org.junit.platform.engine.support.hierarchical.ThrowableCollector.execute(ThrowableCollector.java:73)
	at app//org.junit.platform.engine.support.hierarchical.NodeTestTask.executeRecursively(NodeTestTask.java:138)
	at app//org.junit.platform.engine.support.hierarchical.NodeTestTask.execute(NodeTestTask.java:95)
	at java.base@11.0.16.1/java.util.ArrayList.forEach(ArrayList.java:1541)
	at app//org.junit.platform.engine.support.hierarchical.SameThreadHierarchicalTestExecutorService.invokeAll(SameThreadHierarchicalTestExecutorService.java:41)
	at app//org.junit.platform.engine.support.hierarchical.NodeTestTask.lambda$executeRecursively$6(NodeTestTask.java:155)
	at app//org.junit.platform.engine.support.hierarchical.ThrowableCollector.execute(ThrowableCollector.java:73)
	at app//org.junit.platform.engine.support.hierarchical.NodeTestTask.lambda$executeRecursively$8(NodeTestTask.java:141)
	at app//org.junit.platform.engine.support.hierarchical.Node.around(Node.java:137)
	at app//org.junit.platform.engine.support.hierarchical.NodeTestTask.lambda$executeRecursively$9(NodeTestTask.java:139)
	at app//org.junit.platform.engine.support.hierarchical.ThrowableCollector.execute(ThrowableCollector.java:73)
	at app//org.junit.platform.engine.support.hierarchical.NodeTestTask.executeRecursively(NodeTestTask.java:138)
	at app//org.junit.platform.engine.support.hierarchical.NodeTestTask.execute(NodeTestTask.java:95)
	at java.base@11.0.16.1/java.util.ArrayList.forEach(ArrayList.java:1541)
	at app//org.junit.platform.engine.support.hierarchical.SameThreadHierarchicalTestExecutorService.invokeAll(SameThreadHierarchicalTestExecutorService.java:41)
	at app//org.junit.platform.engine.support.hierarchical.NodeTestTask.lambda$executeRecursively$6(NodeTestTask.java:155)
	at app//org.junit.platform.engine.support.hierarchical.ThrowableCollector.execute(ThrowableCollector.java:73)
	at app//org.junit.platform.engine.support.hierarchical.NodeTestTask.lambda$executeRecursively$8(NodeTestTask.java:141)
	at app//org.junit.platform.engine.support.hierarchical.Node.around(Node.java:137)
	at app//org.junit.platform.engine.support.hierarchical.NodeTestTask.lambda$executeRecursively$9(NodeTestTask.java:139)
	at app//org.junit.platform.engine.support.hierarchical.ThrowableCollector.execute(ThrowableCollector.java:73)
	at app//org.junit.platform.engine.support.hierarchical.NodeTestTask.executeRecursively(NodeTestTask.java:138)
	at app//org.junit.platform.engine.support.hierarchical.NodeTestTask.execute(NodeTestTask.java:95)
	at app//org.junit.platform.engine.support.hierarchical.SameThreadHierarchicalTestExecutorService.submit(SameThreadHierarchicalTestExecutorService.java:35)
	at app//org.junit.platform.engine.support.hierarchical.HierarchicalTestExecutor.execute(HierarchicalTestExecutor.java:57)
	at app//org.junit.platform.engine.support.hierarchical.HierarchicalTestEngine.execute(HierarchicalTestEngine.java:54)
	at org.junit.platform.launcher.core.EngineExecutionOrchestrator.execute(EngineExecutionOrchestrator.java:107)
	at org.junit.platform.launcher.core.EngineExecutionOrchestrator.execute(EngineExecutionOrchestrator.java:88)
	at org.junit.platform.launcher.core.EngineExecutionOrchestrator.lambda$execute$0(EngineExecutionOrchestrator.java:54)
	at org.junit.platform.launcher.core.EngineExecutionOrchestrator.withInterceptedStreams(EngineExecutionOrchestrator.java:67)
	at org.junit.platform.launcher.core.EngineExecutionOrchestrator.execute(EngineExecutionOrchestrator.java:52)
	at org.junit.platform.launcher.core.DefaultLauncher.execute(DefaultLauncher.java:114)
	at org.junit.platform.launcher.core.DefaultLauncher.execute(DefaultLauncher.java:86)
	at org.junit.platform.launcher.core.DefaultLauncherSession$DelegatingLauncher.execute(DefaultLauncherSession.java:86)
	at org.junit.platform.launcher.core.SessionPerRequestLauncher.execute(SessionPerRequestLauncher.java:53)
	at org.gradle.api.internal.tasks.testing.junitplatform.JUnitPlatformTestClassProcessor$CollectAllTestClassesExecutor.processAllTestClasses(JUnitPlatformTestClassProcessor.java:99)
	at org.gradle.api.internal.tasks.testing.junitplatform.JUnitPlatformTestClassProcessor$CollectAllTestClassesExecutor.access$000(JUnitPlatformTestClassProcessor.java:79)
	at org.gradle.api.internal.tasks.testing.junitplatform.JUnitPlatformTestClassProcessor.stop(JUnitPlatformTestClassProcessor.java:75)
	at org.gradle.api.internal.tasks.testing.SuiteTestClassProcessor.stop(SuiteTestClassProcessor.java:61)
	at java.base@11.0.16.1/jdk.internal.reflect.NativeMethodAccessorImpl.invoke0(Native Method)
	at java.base@11.0.16.1/jdk.internal.reflect.NativeMethodAccessorImpl.invoke(NativeMethodAccessorImpl.java:62)
	at java.base@11.0.16.1/jdk.internal.reflect.DelegatingMethodAccessorImpl.invoke(DelegatingMethodAccessorImpl.java:43)
	at java.base@11.0.16.1/java.lang.reflect.Method.invoke(Method.java:566)
	at org.gradle.internal.dispatch.ReflectionDispatch.dispatch(ReflectionDispatch.java:36)
	at org.gradle.internal.dispatch.ReflectionDispatch.dispatch(ReflectionDispatch.java:24)
	at org.gradle.internal.dispatch.ContextClassLoaderDispatch.dispatch(ContextClassLoaderDispatch.java:33)
	at org.gradle.internal.dispatch.ProxyDispatchAdapter$DispatchingInvocationHandler.invoke(ProxyDispatchAdapter.java:94)
	at com.sun.proxy.$Proxy2.stop(Unknown Source)
	at org.gradle.api.internal.tasks.testing.worker.TestWorker$3.run(TestWorker.java:193)
	at org.gradle.api.internal.tasks.testing.worker.TestWorker.executeAndMaintainThreadName(TestWorker.java:129)
	at org.gradle.api.internal.tasks.testing.worker.TestWorker.execute(TestWorker.java:100)
	at org.gradle.api.internal.tasks.testing.worker.TestWorker.execute(TestWorker.java:60)
	at org.gradle.process.internal.worker.child.ActionExecutionWorker.execute(ActionExecutionWorker.java:56)
	at org.gradle.process.internal.worker.child.SystemApplicationClassLoaderWorker.call(SystemApplicationClassLoaderWorker.java:133)
	at org.gradle.process.internal.worker.child.SystemApplicationClassLoaderWorker.call(SystemApplicationClassLoaderWorker.java:71)
	at app//worker.org.gradle.process.internal.worker.GradleWorkerMain.run(GradleWorkerMain.java:69)
	at app//worker.org.gradle.process.internal.worker.GradleWorkerMain.main(GradleWorkerMain.java:74)
</failure>
  </testcase>
  <system-out><![CDATA[]]></system-out>
  <system-err><![CDATA[]]></system-err>
</testsuite>
