<?xml version="1.0" encoding="UTF-8"?>
<testsuite name="Http11ProcessorTest" tests="1" skipped="0" failures="0" errors="0" timestamp="2022-09-21T11:06:12" hostname="cho-choui-MacBookAir.local" time="0.058">
  <properties/>
  <testcase name="index()" classname="Http11ProcessorTest" time="0.058"/>
  <system-out><![CDATA[]]></system-out>
  <system-err><![CDATA[]]></system-err>
</testsuite>
