<?xml version="1.0" encoding="UTF-8"?>
<testsuite name="cho.community.service.UserServiceTest" tests="3" skipped="0" failures="0" errors="0" timestamp="2022-10-26T12:35:27" hostname="cho-choui-MacBookAir.local" time="0.004">
  <properties/>
  <testcase name="deleteUserInfo() 서비스 테스트" classname="cho.community.service.UserServiceTest" time="0.001"/>
  <testcase name="findUser() 서비스 테스트" classname="cho.community.service.UserServiceTest" time="0.001"/>
  <testcase name="MemberNotFoundException 테스트" classname="cho.community.service.UserServiceTest" time="0.002"/>
  <system-out><![CDATA[]]></system-out>
  <system-err><![CDATA[]]></system-err>
</testsuite>
