<?xml version="1.0" encoding="UTF-8"?>
<testsuite name="cho.community.service.AuthServiceTest" tests="1" skipped="0" failures="0" errors="0" timestamp="2022-10-25T13:08:28" hostname="cho-choui-MacBookAir.local" time="0.059">
  <properties/>
  <testcase name="signup 서비스 테스트" classname="cho.community.service.AuthServiceTest" time="0.059"/>
  <system-out><![CDATA[]]></system-out>
  <system-err><![CDATA[]]></system-err>
</testsuite>
